GAS LISTING C:\Users\Jesper\AppData\Local\Temp\ccVGPjv7.s 			page 1


   1              		.file	"close.c"
   2              		.option nopic
   3              		.attribute arch, "rv32i2p0_m2p0_a2p0_c2p0"
   4              		.attribute unaligned_access, 0
   5              		.attribute stack_align, 16
   6              		.text
   7              	.Ltext0:
   8              		.cfi_sections	.debug_frame
   9              		.section	.text._close,"ax",@progbits
  10              		.align	1
  11              		.globl	_close
  13              	_close:
  14              	.LFB1:
  15              		.file 1 "./../../firmware/RISCV/stubs/close.c"
   1:./../../firmware/RISCV/stubs/close.c **** /* See LICENSE of license details. */
   2:./../../firmware/RISCV/stubs/close.c **** 
   3:./../../firmware/RISCV/stubs/close.c **** #include <errno.h>
   4:./../../firmware/RISCV/stubs/close.c **** #include "stub.h"
   5:./../../firmware/RISCV/stubs/close.c **** 
   6:./../../firmware/RISCV/stubs/close.c **** int _close(int fd)
   7:./../../firmware/RISCV/stubs/close.c **** {
  16              		.loc 1 7 1
  17              		.cfi_startproc
  18              	.LVL0:
   8:./../../firmware/RISCV/stubs/close.c ****   return _stub(EBADF);
  19              		.loc 1 8 3
  20              		.file 2 "./../../firmware/RISCV/stubs/stub.h"
   1:./../../firmware/RISCV/stubs/stub.h **** /* See LICENSE of license details. */
   2:./../../firmware/RISCV/stubs/stub.h **** #ifndef _NUCLEI_SYS_STUB_H
   3:./../../firmware/RISCV/stubs/stub.h **** #define _NUCLEI_SYS_STUB_H
   4:./../../firmware/RISCV/stubs/stub.h **** 
   5:./../../firmware/RISCV/stubs/stub.h **** #include <stdint.h>
   6:./../../firmware/RISCV/stubs/stub.h **** #if   defined (__GNUC__)
   7:./../../firmware/RISCV/stubs/stub.h **** #include <unistd.h>
   8:./../../firmware/RISCV/stubs/stub.h **** #endif
   9:./../../firmware/RISCV/stubs/stub.h **** 
  10:./../../firmware/RISCV/stubs/stub.h **** void write_hex(int fd, unsigned long int hex);
  11:./../../firmware/RISCV/stubs/stub.h **** 
  12:./../../firmware/RISCV/stubs/stub.h **** static inline int _stub(int err)
  13:./../../firmware/RISCV/stubs/stub.h **** {
  14:./../../firmware/RISCV/stubs/stub.h ****   return -1;
  21              		.loc 2 14 3
   9:./../../firmware/RISCV/stubs/close.c **** }
  22              		.loc 1 9 1 is_stmt 0
  23 0000 7D55     		li	a0,-1
  24              	.LVL1:
  25 0002 8280     		ret
  26              		.cfi_endproc
  27              	.LFE1:
  29              		.text
  30              	.Letext0:
  31              		.file 3 "c:\\users\\jesper\\documents\\ml_sommarjobb\\toolchain-gd32v-v201-win\\toolchain-gd32v-v2
  32              		.file 4 "c:\\users\\jesper\\documents\\ml_sommarjobb\\toolchain-gd32v-v201-win\\toolchain-gd32v-v2
  33              		.file 5 "c:\\users\\jesper\\documents\\ml_sommarjobb\\toolchain-gd32v-v201-win\\toolchain-gd32v-v2
  34              		.file 6 "c:\\users\\jesper\\documents\\ml_sommarjobb\\toolchain-gd32v-v201-win\\toolchain-gd32v-v2
  35              		.file 7 "c:\\users\\jesper\\documents\\ml_sommarjobb\\toolchain-gd32v-v201-win\\toolchain-gd32v-v2
  36              		.file 8 "c:\\users\\jesper\\documents\\ml_sommarjobb\\toolchain-gd32v-v201-win\\toolchain-gd32v-v2
GAS LISTING C:\Users\Jesper\AppData\Local\Temp\ccVGPjv7.s 			page 2


GAS LISTING C:\Users\Jesper\AppData\Local\Temp\ccVGPjv7.s 			page 3


DEFINED SYMBOLS
                            *ABS*:0000000000000000 close.c
C:\Users\Jesper\AppData\Local\Temp\ccVGPjv7.s:13     .text._close:0000000000000000 _close
C:\Users\Jesper\AppData\Local\Temp\ccVGPjv7.s:17     .text._close:0000000000000000 .L0 
C:\Users\Jesper\AppData\Local\Temp\ccVGPjv7.s:19     .text._close:0000000000000000 .L0 
C:\Users\Jesper\AppData\Local\Temp\ccVGPjv7.s:21     .text._close:0000000000000000 .L0 
C:\Users\Jesper\AppData\Local\Temp\ccVGPjv7.s:22     .text._close:0000000000000000 .L0 
C:\Users\Jesper\AppData\Local\Temp\ccVGPjv7.s:23     .text._close:0000000000000000 .L0 
C:\Users\Jesper\AppData\Local\Temp\ccVGPjv7.s:26     .text._close:0000000000000004 .L0 
C:\Users\Jesper\AppData\Local\Temp\ccVGPjv7.s:29     .text._close:0000000000000004 .L0 
                     .debug_frame:0000000000000000 .L0 
C:\Users\Jesper\AppData\Local\Temp\ccVGPjv7.s:1540   .debug_abbrev:0000000000000000 .Ldebug_abbrev0
C:\Users\Jesper\AppData\Local\Temp\ccVGPjv7.s:2288   .debug_str:000000000000048b .LASF128
C:\Users\Jesper\AppData\Local\Temp\ccVGPjv7.s:2092   .debug_str:000000000000008b .LASF129
C:\Users\Jesper\AppData\Local\Temp\ccVGPjv7.s:2128   .debug_str:000000000000014f .LASF130
C:\Users\Jesper\AppData\Local\Temp\ccVGPjv7.s:2060   .debug_ranges:0000000000000000 .Ldebug_ranges0
C:\Users\Jesper\AppData\Local\Temp\ccVGPjv7.s:2066   .debug_line:0000000000000000 .Ldebug_line0
C:\Users\Jesper\AppData\Local\Temp\ccVGPjv7.s:2158   .debug_str:000000000000023a .LASF0
C:\Users\Jesper\AppData\Local\Temp\ccVGPjv7.s:2172   .debug_str:000000000000027d .LASF1
C:\Users\Jesper\AppData\Local\Temp\ccVGPjv7.s:2098   .debug_str:00000000000000c7 .LASF2
C:\Users\Jesper\AppData\Local\Temp\ccVGPjv7.s:2202   .debug_str:0000000000000307 .LASF3
C:\Users\Jesper\AppData\Local\Temp\ccVGPjv7.s:2186   .debug_str:00000000000002c8 .LASF10
C:\Users\Jesper\AppData\Local\Temp\ccVGPjv7.s:2100   .debug_str:00000000000000d5 .LASF4
C:\Users\Jesper\AppData\Local\Temp\ccVGPjv7.s:2220   .debug_str:0000000000000360 .LASF5
C:\Users\Jesper\AppData\Local\Temp\ccVGPjv7.s:2226   .debug_str:000000000000037c .LASF6
C:\Users\Jesper\AppData\Local\Temp\ccVGPjv7.s:2116   .debug_str:000000000000011a .LASF7
C:\Users\Jesper\AppData\Local\Temp\ccVGPjv7.s:2166   .debug_str:000000000000025e .LASF8
C:\Users\Jesper\AppData\Local\Temp\ccVGPjv7.s:2082   .debug_str:000000000000004b .LASF9
C:\Users\Jesper\AppData\Local\Temp\ccVGPjv7.s:2214   .debug_str:000000000000033d .LASF11
C:\Users\Jesper\AppData\Local\Temp\ccVGPjv7.s:2272   .debug_str:000000000000044e .LASF12
C:\Users\Jesper\AppData\Local\Temp\ccVGPjv7.s:2308   .debug_str:000000000000056b .LASF13
C:\Users\Jesper\AppData\Local\Temp\ccVGPjv7.s:2182   .debug_str:00000000000002ba .LASF14
C:\Users\Jesper\AppData\Local\Temp\ccVGPjv7.s:2160   .debug_str:0000000000000247 .LASF15
C:\Users\Jesper\AppData\Local\Temp\ccVGPjv7.s:2264   .debug_str:000000000000042c .LASF16
C:\Users\Jesper\AppData\Local\Temp\ccVGPjv7.s:2266   .debug_str:0000000000000434 .LASF17
C:\Users\Jesper\AppData\Local\Temp\ccVGPjv7.s:2236   .debug_str:00000000000003a4 .LASF18
C:\Users\Jesper\AppData\Local\Temp\ccVGPjv7.s:2294   .debug_str:0000000000000521 .LASF19
C:\Users\Jesper\AppData\Local\Temp\ccVGPjv7.s:2218   .debug_str:000000000000034e .LASF20
C:\Users\Jesper\AppData\Local\Temp\ccVGPjv7.s:2144   .debug_str:00000000000001fd .LASF21
C:\Users\Jesper\AppData\Local\Temp\ccVGPjv7.s:2148   .debug_str:000000000000020e .LASF26
C:\Users\Jesper\AppData\Local\Temp\ccVGPjv7.s:2284   .debug_str:0000000000000478 .LASF22
C:\Users\Jesper\AppData\Local\Temp\ccVGPjv7.s:2258   .debug_str:0000000000000417 .LASF23
C:\Users\Jesper\AppData\Local\Temp\ccVGPjv7.s:2142   .debug_str:00000000000001f7 .LASF24
C:\Users\Jesper\AppData\Local\Temp\ccVGPjv7.s:2302   .debug_str:0000000000000556 .LASF25
C:\Users\Jesper\AppData\Local\Temp\ccVGPjv7.s:2156   .debug_str:0000000000000235 .LASF27
C:\Users\Jesper\AppData\Local\Temp\ccVGPjv7.s:2096   .debug_str:00000000000000be .LASF28
C:\Users\Jesper\AppData\Local\Temp\ccVGPjv7.s:2278   .debug_str:0000000000000462 .LASF29
C:\Users\Jesper\AppData\Local\Temp\ccVGPjv7.s:2106   .debug_str:00000000000000ed .LASF30
C:\Users\Jesper\AppData\Local\Temp\ccVGPjv7.s:2332   .debug_str:00000000000005d6 .LASF31
C:\Users\Jesper\AppData\Local\Temp\ccVGPjv7.s:2208   .debug_str:0000000000000321 .LASF32
C:\Users\Jesper\AppData\Local\Temp\ccVGPjv7.s:2196   .debug_str:00000000000002ed .LASF33
C:\Users\Jesper\AppData\Local\Temp\ccVGPjv7.s:2304   .debug_str:000000000000055b .LASF34
C:\Users\Jesper\AppData\Local\Temp\ccVGPjv7.s:2228   .debug_str:0000000000000386 .LASF35
C:\Users\Jesper\AppData\Local\Temp\ccVGPjv7.s:2318   .debug_str:0000000000000596 .LASF36
C:\Users\Jesper\AppData\Local\Temp\ccVGPjv7.s:2110   .debug_str:00000000000000fc .LASF37
C:\Users\Jesper\AppData\Local\Temp\ccVGPjv7.s:2138   .debug_str:00000000000001ea .LASF38
C:\Users\Jesper\AppData\Local\Temp\ccVGPjv7.s:2068   .debug_str:0000000000000000 .LASF39
GAS LISTING C:\Users\Jesper\AppData\Local\Temp\ccVGPjv7.s 			page 4


C:\Users\Jesper\AppData\Local\Temp\ccVGPjv7.s:2290   .debug_str:0000000000000513 .LASF40
C:\Users\Jesper\AppData\Local\Temp\ccVGPjv7.s:2120   .debug_str:000000000000012a .LASF41
C:\Users\Jesper\AppData\Local\Temp\ccVGPjv7.s:2210   .debug_str:000000000000032a .LASF42
C:\Users\Jesper\AppData\Local\Temp\ccVGPjv7.s:2250   .debug_str:00000000000003e7 .LASF43
C:\Users\Jesper\AppData\Local\Temp\ccVGPjv7.s:2140   .debug_str:00000000000001f2 .LASF44
C:\Users\Jesper\AppData\Local\Temp\ccVGPjv7.s:2230   .debug_str:0000000000000390 .LASF45
C:\Users\Jesper\AppData\Local\Temp\ccVGPjv7.s:2104   .debug_str:00000000000000e7 .LASF46
C:\Users\Jesper\AppData\Local\Temp\ccVGPjv7.s:2070   .debug_str:000000000000000c .LASF47
C:\Users\Jesper\AppData\Local\Temp\ccVGPjv7.s:2238   .debug_str:00000000000003af .LASF48
C:\Users\Jesper\AppData\Local\Temp\ccVGPjv7.s:2118   .debug_str:0000000000000123 .LASF49
C:\Users\Jesper\AppData\Local\Temp\ccVGPjv7.s:2168   .debug_str:0000000000000270 .LASF50
C:\Users\Jesper\AppData\Local\Temp\ccVGPjv7.s:2084   .debug_str:0000000000000062 .LASF51
C:\Users\Jesper\AppData\Local\Temp\ccVGPjv7.s:2112   .debug_str:000000000000010a .LASF52
C:\Users\Jesper\AppData\Local\Temp\ccVGPjv7.s:2152   .debug_str:0000000000000225 .LASF53
C:\Users\Jesper\AppData\Local\Temp\ccVGPjv7.s:2194   .debug_str:00000000000002e6 .LASF54
C:\Users\Jesper\AppData\Local\Temp\ccVGPjv7.s:2268   .debug_str:000000000000043c .LASF55
C:\Users\Jesper\AppData\Local\Temp\ccVGPjv7.s:2322   .debug_str:00000000000005b0 .LASF56
C:\Users\Jesper\AppData\Local\Temp\ccVGPjv7.s:2102   .debug_str:00000000000000e1 .LASF57
C:\Users\Jesper\AppData\Local\Temp\ccVGPjv7.s:2314   .debug_str:0000000000000588 .LASF58
C:\Users\Jesper\AppData\Local\Temp\ccVGPjv7.s:2124   .debug_str:0000000000000139 .LASF59
C:\Users\Jesper\AppData\Local\Temp\ccVGPjv7.s:2132   .debug_str:00000000000001c3 .LASF60
C:\Users\Jesper\AppData\Local\Temp\ccVGPjv7.s:2076   .debug_str:0000000000000025 .LASF61
C:\Users\Jesper\AppData\Local\Temp\ccVGPjv7.s:2188   .debug_str:00000000000002cf .LASF62
C:\Users\Jesper\AppData\Local\Temp\ccVGPjv7.s:2242   .debug_str:00000000000003c1 .LASF63
C:\Users\Jesper\AppData\Local\Temp\ccVGPjv7.s:2190   .debug_str:00000000000002d5 .LASF64
C:\Users\Jesper\AppData\Local\Temp\ccVGPjv7.s:2260   .debug_str:000000000000041f .LASF65
C:\Users\Jesper\AppData\Local\Temp\ccVGPjv7.s:2274   .debug_str:0000000000000456 .LASF66
C:\Users\Jesper\AppData\Local\Temp\ccVGPjv7.s:2122   .debug_str:0000000000000132 .LASF67
C:\Users\Jesper\AppData\Local\Temp\ccVGPjv7.s:2162   .debug_str:000000000000024e .LASF68
C:\Users\Jesper\AppData\Local\Temp\ccVGPjv7.s:2146   .debug_str:0000000000000206 .LASF69
C:\Users\Jesper\AppData\Local\Temp\ccVGPjv7.s:2248   .debug_str:00000000000003e2 .LASF70
C:\Users\Jesper\AppData\Local\Temp\ccVGPjv7.s:2074   .debug_str:000000000000001a .LASF71
C:\Users\Jesper\AppData\Local\Temp\ccVGPjv7.s:2256   .debug_str:00000000000003fe .LASF72
C:\Users\Jesper\AppData\Local\Temp\ccVGPjv7.s:2252   .debug_str:00000000000003ec .LASF73
C:\Users\Jesper\AppData\Local\Temp\ccVGPjv7.s:2212   .debug_str:0000000000000332 .LASF74
C:\Users\Jesper\AppData\Local\Temp\ccVGPjv7.s:2254   .debug_str:00000000000003f4 .LASF75
C:\Users\Jesper\AppData\Local\Temp\ccVGPjv7.s:2180   .debug_str:00000000000002b2 .LASF76
C:\Users\Jesper\AppData\Local\Temp\ccVGPjv7.s:2154   .debug_str:000000000000022b .LASF77
C:\Users\Jesper\AppData\Local\Temp\ccVGPjv7.s:2330   .debug_str:00000000000005d1 .LASF78
C:\Users\Jesper\AppData\Local\Temp\ccVGPjv7.s:2216   .debug_str:0000000000000344 .LASF79
C:\Users\Jesper\AppData\Local\Temp\ccVGPjv7.s:2164   .debug_str:0000000000000256 .LASF80
C:\Users\Jesper\AppData\Local\Temp\ccVGPjv7.s:2130   .debug_str:00000000000001bb .LASF81
C:\Users\Jesper\AppData\Local\Temp\ccVGPjv7.s:2222   .debug_str:000000000000036e .LASF82
C:\Users\Jesper\AppData\Local\Temp\ccVGPjv7.s:2174   .debug_str:0000000000000290 .LASF83
C:\Users\Jesper\AppData\Local\Temp\ccVGPjv7.s:2312   .debug_str:000000000000057e .LASF84
C:\Users\Jesper\AppData\Local\Temp\ccVGPjv7.s:2114   .debug_str:0000000000000112 .LASF85
C:\Users\Jesper\AppData\Local\Temp\ccVGPjv7.s:2108   .debug_str:00000000000000f7 .LASF86
C:\Users\Jesper\AppData\Local\Temp\ccVGPjv7.s:2276   .debug_str:000000000000045d .LASF87
C:\Users\Jesper\AppData\Local\Temp\ccVGPjv7.s:2234   .debug_str:000000000000039d .LASF88
C:\Users\Jesper\AppData\Local\Temp\ccVGPjv7.s:2306   .debug_str:0000000000000565 .LASF89
C:\Users\Jesper\AppData\Local\Temp\ccVGPjv7.s:2170   .debug_str:0000000000000276 .LASF90
C:\Users\Jesper\AppData\Local\Temp\ccVGPjv7.s:2232   .debug_str:0000000000000397 .LASF91
C:\Users\Jesper\AppData\Local\Temp\ccVGPjv7.s:2072   .debug_str:0000000000000012 .LASF92
C:\Users\Jesper\AppData\Local\Temp\ccVGPjv7.s:2262   .debug_str:0000000000000426 .LASF93
C:\Users\Jesper\AppData\Local\Temp\ccVGPjv7.s:2282   .debug_str:0000000000000472 .LASF94
C:\Users\Jesper\AppData\Local\Temp\ccVGPjv7.s:2292   .debug_str:000000000000051c .LASF95
C:\Users\Jesper\AppData\Local\Temp\ccVGPjv7.s:2300   .debug_str:0000000000000549 .LASF96
GAS LISTING C:\Users\Jesper\AppData\Local\Temp\ccVGPjv7.s 			page 5


C:\Users\Jesper\AppData\Local\Temp\ccVGPjv7.s:2286   .debug_str:000000000000047e .LASF97
C:\Users\Jesper\AppData\Local\Temp\ccVGPjv7.s:2178   .debug_str:00000000000002a5 .LASF98
C:\Users\Jesper\AppData\Local\Temp\ccVGPjv7.s:2320   .debug_str:00000000000005a1 .LASF99
C:\Users\Jesper\AppData\Local\Temp\ccVGPjv7.s:2150   .debug_str:0000000000000216 .LASF100
C:\Users\Jesper\AppData\Local\Temp\ccVGPjv7.s:2244   .debug_str:00000000000003ca .LASF101
C:\Users\Jesper\AppData\Local\Temp\ccVGPjv7.s:2324   .debug_str:00000000000005b7 .LASF102
C:\Users\Jesper\AppData\Local\Temp\ccVGPjv7.s:2246   .debug_str:00000000000003d5 .LASF103
C:\Users\Jesper\AppData\Local\Temp\ccVGPjv7.s:2328   .debug_str:00000000000005c3 .LASF104
C:\Users\Jesper\AppData\Local\Temp\ccVGPjv7.s:2094   .debug_str:00000000000000b0 .LASF105
C:\Users\Jesper\AppData\Local\Temp\ccVGPjv7.s:2310   .debug_str:0000000000000574 .LASF106
C:\Users\Jesper\AppData\Local\Temp\ccVGPjv7.s:2176   .debug_str:0000000000000299 .LASF107
C:\Users\Jesper\AppData\Local\Temp\ccVGPjv7.s:2296   .debug_str:0000000000000529 .LASF108
C:\Users\Jesper\AppData\Local\Temp\ccVGPjv7.s:2136   .debug_str:00000000000001dc .LASF109
C:\Users\Jesper\AppData\Local\Temp\ccVGPjv7.s:2090   .debug_str:000000000000007c .LASF110
C:\Users\Jesper\AppData\Local\Temp\ccVGPjv7.s:2134   .debug_str:00000000000001cb .LASF111
C:\Users\Jesper\AppData\Local\Temp\ccVGPjv7.s:2078   .debug_str:000000000000002b .LASF112
C:\Users\Jesper\AppData\Local\Temp\ccVGPjv7.s:2080   .debug_str:000000000000003a .LASF113
C:\Users\Jesper\AppData\Local\Temp\ccVGPjv7.s:2224   .debug_str:0000000000000373 .LASF114
C:\Users\Jesper\AppData\Local\Temp\ccVGPjv7.s:2206   .debug_str:000000000000031a .LASF115
C:\Users\Jesper\AppData\Local\Temp\ccVGPjv7.s:2198   .debug_str:00000000000002f7 .LASF116
C:\Users\Jesper\AppData\Local\Temp\ccVGPjv7.s:2316   .debug_str:000000000000058e .LASF117
C:\Users\Jesper\AppData\Local\Temp\ccVGPjv7.s:2086   .debug_str:000000000000006b .LASF131
C:\Users\Jesper\AppData\Local\Temp\ccVGPjv7.s:2270   .debug_str:0000000000000442 .LASF118
C:\Users\Jesper\AppData\Local\Temp\ccVGPjv7.s:2298   .debug_str:0000000000000536 .LASF119
C:\Users\Jesper\AppData\Local\Temp\ccVGPjv7.s:2126   .debug_str:0000000000000142 .LASF120
C:\Users\Jesper\AppData\Local\Temp\ccVGPjv7.s:2240   .debug_str:00000000000003b7 .LASF121
C:\Users\Jesper\AppData\Local\Temp\ccVGPjv7.s:2184   .debug_str:00000000000002c0 .LASF122
C:\Users\Jesper\AppData\Local\Temp\ccVGPjv7.s:2200   .debug_str:0000000000000300 .LASF123
C:\Users\Jesper\AppData\Local\Temp\ccVGPjv7.s:2204   .debug_str:0000000000000313 .LASF124
C:\Users\Jesper\AppData\Local\Temp\ccVGPjv7.s:2280   .debug_str:000000000000046b .LASF125
C:\Users\Jesper\AppData\Local\Temp\ccVGPjv7.s:2326   .debug_str:00000000000005bc .LASF126
C:\Users\Jesper\AppData\Local\Temp\ccVGPjv7.s:2192   .debug_str:00000000000002dd .LASF127
C:\Users\Jesper\AppData\Local\Temp\ccVGPjv7.s:14     .text._close:0000000000000000 .LFB1
C:\Users\Jesper\AppData\Local\Temp\ccVGPjv7.s:27     .text._close:0000000000000004 .LFE1
C:\Users\Jesper\AppData\Local\Temp\ccVGPjv7.s:2033   .debug_loc:0000000000000000 .LLST0
C:\Users\Jesper\AppData\Local\Temp\ccVGPjv7.s:2088   .debug_str:0000000000000076 .LASF132
C:\Users\Jesper\AppData\Local\Temp\ccVGPjv7.s:18     .text._close:0000000000000000 .LVL0
C:\Users\Jesper\AppData\Local\Temp\ccVGPjv7.s:24     .text._close:0000000000000002 .LVL1
C:\Users\Jesper\AppData\Local\Temp\ccVGPjv7.s:38     .debug_info:0000000000000000 .Ldebug_info0

NO UNDEFINED SYMBOLS
