GAS LISTING C:\Users\Jesper\AppData\Local\Temp\ccr2M7WQ.s 			page 1


   1              		.file	"read.c"
   2              		.option nopic
   3              		.attribute arch, "rv32i2p0_m2p0_a2p0_c2p0"
   4              		.attribute unaligned_access, 0
   5              		.attribute stack_align, 16
   6              		.text
   7              	.Ltext0:
   8              		.cfi_sections	.debug_frame
   9              		.section	.text._read,"ax",@progbits
  10              		.align	1
  11              		.globl	_read
  13              	_read:
  14              	.LFB1:
  15              		.file 1 "./../../firmware/RISCV/stubs/read.c"
   1:./../../firmware/RISCV/stubs/read.c **** /* See LICENSE of license details. */
   2:./../../firmware/RISCV/stubs/read.c **** 
   3:./../../firmware/RISCV/stubs/read.c **** #include <stdint.h>
   4:./../../firmware/RISCV/stubs/read.c **** #include <errno.h>
   5:./../../firmware/RISCV/stubs/read.c **** #include <unistd.h>
   6:./../../firmware/RISCV/stubs/read.c **** #include <sys/types.h>
   7:./../../firmware/RISCV/stubs/read.c **** 
   8:./../../firmware/RISCV/stubs/read.c **** #include "stub.h"
   9:./../../firmware/RISCV/stubs/read.c **** 
  10:./../../firmware/RISCV/stubs/read.c **** ssize_t _read(int fd, void* ptr, size_t len)
  11:./../../firmware/RISCV/stubs/read.c **** {
  16              		.loc 1 11 1
  17              		.cfi_startproc
  18              	.LVL0:
  12:./../../firmware/RISCV/stubs/read.c ****   return _stub(EBADF);
  19              		.loc 1 12 3
  20              		.file 2 "./../../firmware/RISCV/stubs/stub.h"
   1:./../../firmware/RISCV/stubs/stub.h **** /* See LICENSE of license details. */
   2:./../../firmware/RISCV/stubs/stub.h **** #ifndef _NUCLEI_SYS_STUB_H
   3:./../../firmware/RISCV/stubs/stub.h **** #define _NUCLEI_SYS_STUB_H
   4:./../../firmware/RISCV/stubs/stub.h **** 
   5:./../../firmware/RISCV/stubs/stub.h **** #include <stdint.h>
   6:./../../firmware/RISCV/stubs/stub.h **** #if   defined (__GNUC__)
   7:./../../firmware/RISCV/stubs/stub.h **** #include <unistd.h>
   8:./../../firmware/RISCV/stubs/stub.h **** #endif
   9:./../../firmware/RISCV/stubs/stub.h **** 
  10:./../../firmware/RISCV/stubs/stub.h **** void write_hex(int fd, unsigned long int hex);
  11:./../../firmware/RISCV/stubs/stub.h **** 
  12:./../../firmware/RISCV/stubs/stub.h **** static inline int _stub(int err)
  13:./../../firmware/RISCV/stubs/stub.h **** {
  14:./../../firmware/RISCV/stubs/stub.h ****   return -1;
  21              		.loc 2 14 3
  13:./../../firmware/RISCV/stubs/read.c **** }
  22              		.loc 1 13 1 is_stmt 0
  23 0000 7D55     		li	a0,-1
  24              	.LVL1:
  25 0002 8280     		ret
  26              		.cfi_endproc
  27              	.LFE1:
  29              		.text
  30              	.Letext0:
  31              		.file 3 "c:\\users\\jesper\\documents\\ml_sommarjobb\\toolchain-gd32v-v201-win\\toolchain-gd32v-v2
  32              		.file 4 "c:\\users\\jesper\\documents\\ml_sommarjobb\\toolchain-gd32v-v201-win\\toolchain-gd32v-v2
GAS LISTING C:\Users\Jesper\AppData\Local\Temp\ccr2M7WQ.s 			page 2


  33              		.file 5 "c:\\users\\jesper\\documents\\ml_sommarjobb\\toolchain-gd32v-v201-win\\toolchain-gd32v-v2
  34              		.file 6 "c:\\users\\jesper\\documents\\ml_sommarjobb\\toolchain-gd32v-v201-win\\toolchain-gd32v-v2
  35              		.file 7 "c:\\users\\jesper\\documents\\ml_sommarjobb\\toolchain-gd32v-v201-win\\toolchain-gd32v-v2
  36              		.file 8 "c:\\users\\jesper\\documents\\ml_sommarjobb\\toolchain-gd32v-v201-win\\toolchain-gd32v-v2
  37              		.file 9 "c:\\users\\jesper\\documents\\ml_sommarjobb\\toolchain-gd32v-v201-win\\toolchain-gd32v-v2
GAS LISTING C:\Users\Jesper\AppData\Local\Temp\ccr2M7WQ.s 			page 3


DEFINED SYMBOLS
                            *ABS*:0000000000000000 read.c
C:\Users\Jesper\AppData\Local\Temp\ccr2M7WQ.s:13     .text._read:0000000000000000 _read
C:\Users\Jesper\AppData\Local\Temp\ccr2M7WQ.s:17     .text._read:0000000000000000 .L0 
C:\Users\Jesper\AppData\Local\Temp\ccr2M7WQ.s:19     .text._read:0000000000000000 .L0 
C:\Users\Jesper\AppData\Local\Temp\ccr2M7WQ.s:21     .text._read:0000000000000000 .L0 
C:\Users\Jesper\AppData\Local\Temp\ccr2M7WQ.s:22     .text._read:0000000000000000 .L0 
C:\Users\Jesper\AppData\Local\Temp\ccr2M7WQ.s:23     .text._read:0000000000000000 .L0 
C:\Users\Jesper\AppData\Local\Temp\ccr2M7WQ.s:26     .text._read:0000000000000004 .L0 
C:\Users\Jesper\AppData\Local\Temp\ccr2M7WQ.s:29     .text._read:0000000000000004 .L0 
                     .debug_frame:0000000000000000 .L0 
C:\Users\Jesper\AppData\Local\Temp\ccr2M7WQ.s:1569   .debug_abbrev:0000000000000000 .Ldebug_abbrev0
C:\Users\Jesper\AppData\Local\Temp\ccr2M7WQ.s:2338   .debug_str:0000000000000499 .LASF130
C:\Users\Jesper\AppData\Local\Temp\ccr2M7WQ.s:2142   .debug_str:000000000000009a .LASF131
C:\Users\Jesper\AppData\Local\Temp\ccr2M7WQ.s:2178   .debug_str:000000000000015d .LASF132
C:\Users\Jesper\AppData\Local\Temp\ccr2M7WQ.s:2106   .debug_ranges:0000000000000000 .Ldebug_ranges0
C:\Users\Jesper\AppData\Local\Temp\ccr2M7WQ.s:2112   .debug_line:0000000000000000 .Ldebug_line0
C:\Users\Jesper\AppData\Local\Temp\ccr2M7WQ.s:2150   .debug_str:00000000000000e3 .LASF0
C:\Users\Jesper\AppData\Local\Temp\ccr2M7WQ.s:2270   .debug_str:000000000000036e .LASF1
C:\Users\Jesper\AppData\Local\Temp\ccr2M7WQ.s:2276   .debug_str:000000000000038a .LASF2
C:\Users\Jesper\AppData\Local\Temp\ccr2M7WQ.s:2222   .debug_str:000000000000028b .LASF3
C:\Users\Jesper\AppData\Local\Temp\ccr2M7WQ.s:2166   .debug_str:0000000000000128 .LASF4
C:\Users\Jesper\AppData\Local\Temp\ccr2M7WQ.s:2216   .debug_str:000000000000026c .LASF5
C:\Users\Jesper\AppData\Local\Temp\ccr2M7WQ.s:2148   .debug_str:00000000000000d5 .LASF6
C:\Users\Jesper\AppData\Local\Temp\ccr2M7WQ.s:2132   .debug_str:000000000000005a .LASF7
C:\Users\Jesper\AppData\Local\Temp\ccr2M7WQ.s:2208   .debug_str:0000000000000248 .LASF8
C:\Users\Jesper\AppData\Local\Temp\ccr2M7WQ.s:2118   .debug_str:0000000000000012 .LASF10
C:\Users\Jesper\AppData\Local\Temp\ccr2M7WQ.s:2252   .debug_str:0000000000000315 .LASF9
C:\Users\Jesper\AppData\Local\Temp\ccr2M7WQ.s:2236   .debug_str:00000000000002d6 .LASF11
C:\Users\Jesper\AppData\Local\Temp\ccr2M7WQ.s:2264   .debug_str:000000000000034b .LASF12
C:\Users\Jesper\AppData\Local\Temp\ccr2M7WQ.s:2322   .debug_str:000000000000045c .LASF13
C:\Users\Jesper\AppData\Local\Temp\ccr2M7WQ.s:2358   .debug_str:0000000000000579 .LASF14
C:\Users\Jesper\AppData\Local\Temp\ccr2M7WQ.s:2232   .debug_str:00000000000002c8 .LASF15
C:\Users\Jesper\AppData\Local\Temp\ccr2M7WQ.s:2210   .debug_str:0000000000000255 .LASF16
C:\Users\Jesper\AppData\Local\Temp\ccr2M7WQ.s:2314   .debug_str:000000000000043a .LASF17
C:\Users\Jesper\AppData\Local\Temp\ccr2M7WQ.s:2316   .debug_str:0000000000000442 .LASF18
C:\Users\Jesper\AppData\Local\Temp\ccr2M7WQ.s:2286   .debug_str:00000000000003b2 .LASF19
C:\Users\Jesper\AppData\Local\Temp\ccr2M7WQ.s:2344   .debug_str:000000000000052f .LASF20
C:\Users\Jesper\AppData\Local\Temp\ccr2M7WQ.s:2268   .debug_str:000000000000035c .LASF21
C:\Users\Jesper\AppData\Local\Temp\ccr2M7WQ.s:2194   .debug_str:000000000000020b .LASF22
C:\Users\Jesper\AppData\Local\Temp\ccr2M7WQ.s:2198   .debug_str:000000000000021c .LASF27
C:\Users\Jesper\AppData\Local\Temp\ccr2M7WQ.s:2334   .debug_str:0000000000000486 .LASF23
C:\Users\Jesper\AppData\Local\Temp\ccr2M7WQ.s:2308   .debug_str:0000000000000425 .LASF24
C:\Users\Jesper\AppData\Local\Temp\ccr2M7WQ.s:2192   .debug_str:0000000000000205 .LASF25
C:\Users\Jesper\AppData\Local\Temp\ccr2M7WQ.s:2352   .debug_str:0000000000000564 .LASF26
C:\Users\Jesper\AppData\Local\Temp\ccr2M7WQ.s:2206   .debug_str:0000000000000243 .LASF28
C:\Users\Jesper\AppData\Local\Temp\ccr2M7WQ.s:2146   .debug_str:00000000000000cc .LASF29
C:\Users\Jesper\AppData\Local\Temp\ccr2M7WQ.s:2328   .debug_str:0000000000000470 .LASF30
C:\Users\Jesper\AppData\Local\Temp\ccr2M7WQ.s:2156   .debug_str:00000000000000fb .LASF31
C:\Users\Jesper\AppData\Local\Temp\ccr2M7WQ.s:2382   .debug_str:00000000000005e4 .LASF32
C:\Users\Jesper\AppData\Local\Temp\ccr2M7WQ.s:2258   .debug_str:000000000000032f .LASF33
C:\Users\Jesper\AppData\Local\Temp\ccr2M7WQ.s:2246   .debug_str:00000000000002fb .LASF34
C:\Users\Jesper\AppData\Local\Temp\ccr2M7WQ.s:2354   .debug_str:0000000000000569 .LASF35
C:\Users\Jesper\AppData\Local\Temp\ccr2M7WQ.s:2278   .debug_str:0000000000000394 .LASF36
C:\Users\Jesper\AppData\Local\Temp\ccr2M7WQ.s:2368   .debug_str:00000000000005a4 .LASF37
C:\Users\Jesper\AppData\Local\Temp\ccr2M7WQ.s:2160   .debug_str:000000000000010a .LASF38
C:\Users\Jesper\AppData\Local\Temp\ccr2M7WQ.s:2188   .debug_str:00000000000001f8 .LASF39
GAS LISTING C:\Users\Jesper\AppData\Local\Temp\ccr2M7WQ.s 			page 4


C:\Users\Jesper\AppData\Local\Temp\ccr2M7WQ.s:2114   .debug_str:0000000000000000 .LASF40
C:\Users\Jesper\AppData\Local\Temp\ccr2M7WQ.s:2340   .debug_str:0000000000000521 .LASF41
C:\Users\Jesper\AppData\Local\Temp\ccr2M7WQ.s:2170   .debug_str:0000000000000138 .LASF42
C:\Users\Jesper\AppData\Local\Temp\ccr2M7WQ.s:2260   .debug_str:0000000000000338 .LASF43
C:\Users\Jesper\AppData\Local\Temp\ccr2M7WQ.s:2300   .debug_str:00000000000003f5 .LASF44
C:\Users\Jesper\AppData\Local\Temp\ccr2M7WQ.s:2190   .debug_str:0000000000000200 .LASF45
C:\Users\Jesper\AppData\Local\Temp\ccr2M7WQ.s:2280   .debug_str:000000000000039e .LASF46
C:\Users\Jesper\AppData\Local\Temp\ccr2M7WQ.s:2154   .debug_str:00000000000000f5 .LASF47
C:\Users\Jesper\AppData\Local\Temp\ccr2M7WQ.s:2116   .debug_str:000000000000000c .LASF48
C:\Users\Jesper\AppData\Local\Temp\ccr2M7WQ.s:2288   .debug_str:00000000000003bd .LASF49
C:\Users\Jesper\AppData\Local\Temp\ccr2M7WQ.s:2168   .debug_str:0000000000000131 .LASF50
C:\Users\Jesper\AppData\Local\Temp\ccr2M7WQ.s:2218   .debug_str:000000000000027e .LASF51
C:\Users\Jesper\AppData\Local\Temp\ccr2M7WQ.s:2134   .debug_str:0000000000000071 .LASF52
C:\Users\Jesper\AppData\Local\Temp\ccr2M7WQ.s:2162   .debug_str:0000000000000118 .LASF53
C:\Users\Jesper\AppData\Local\Temp\ccr2M7WQ.s:2202   .debug_str:0000000000000233 .LASF54
C:\Users\Jesper\AppData\Local\Temp\ccr2M7WQ.s:2244   .debug_str:00000000000002f4 .LASF55
C:\Users\Jesper\AppData\Local\Temp\ccr2M7WQ.s:2318   .debug_str:000000000000044a .LASF56
C:\Users\Jesper\AppData\Local\Temp\ccr2M7WQ.s:2372   .debug_str:00000000000005be .LASF57
C:\Users\Jesper\AppData\Local\Temp\ccr2M7WQ.s:2152   .debug_str:00000000000000ef .LASF58
C:\Users\Jesper\AppData\Local\Temp\ccr2M7WQ.s:2364   .debug_str:0000000000000596 .LASF59
C:\Users\Jesper\AppData\Local\Temp\ccr2M7WQ.s:2174   .debug_str:0000000000000147 .LASF60
C:\Users\Jesper\AppData\Local\Temp\ccr2M7WQ.s:2182   .debug_str:00000000000001d1 .LASF61
C:\Users\Jesper\AppData\Local\Temp\ccr2M7WQ.s:2126   .debug_str:0000000000000034 .LASF62
C:\Users\Jesper\AppData\Local\Temp\ccr2M7WQ.s:2238   .debug_str:00000000000002dd .LASF63
C:\Users\Jesper\AppData\Local\Temp\ccr2M7WQ.s:2292   .debug_str:00000000000003cf .LASF64
C:\Users\Jesper\AppData\Local\Temp\ccr2M7WQ.s:2240   .debug_str:00000000000002e3 .LASF65
C:\Users\Jesper\AppData\Local\Temp\ccr2M7WQ.s:2310   .debug_str:000000000000042d .LASF66
C:\Users\Jesper\AppData\Local\Temp\ccr2M7WQ.s:2324   .debug_str:0000000000000464 .LASF67
C:\Users\Jesper\AppData\Local\Temp\ccr2M7WQ.s:2172   .debug_str:0000000000000140 .LASF68
C:\Users\Jesper\AppData\Local\Temp\ccr2M7WQ.s:2212   .debug_str:000000000000025c .LASF69
C:\Users\Jesper\AppData\Local\Temp\ccr2M7WQ.s:2196   .debug_str:0000000000000214 .LASF70
C:\Users\Jesper\AppData\Local\Temp\ccr2M7WQ.s:2298   .debug_str:00000000000003f0 .LASF71
C:\Users\Jesper\AppData\Local\Temp\ccr2M7WQ.s:2122   .debug_str:0000000000000021 .LASF72
C:\Users\Jesper\AppData\Local\Temp\ccr2M7WQ.s:2306   .debug_str:000000000000040c .LASF73
C:\Users\Jesper\AppData\Local\Temp\ccr2M7WQ.s:2302   .debug_str:00000000000003fa .LASF74
C:\Users\Jesper\AppData\Local\Temp\ccr2M7WQ.s:2262   .debug_str:0000000000000340 .LASF75
C:\Users\Jesper\AppData\Local\Temp\ccr2M7WQ.s:2304   .debug_str:0000000000000402 .LASF76
C:\Users\Jesper\AppData\Local\Temp\ccr2M7WQ.s:2230   .debug_str:00000000000002c0 .LASF77
C:\Users\Jesper\AppData\Local\Temp\ccr2M7WQ.s:2204   .debug_str:0000000000000239 .LASF78
C:\Users\Jesper\AppData\Local\Temp\ccr2M7WQ.s:2380   .debug_str:00000000000005df .LASF79
C:\Users\Jesper\AppData\Local\Temp\ccr2M7WQ.s:2266   .debug_str:0000000000000352 .LASF80
C:\Users\Jesper\AppData\Local\Temp\ccr2M7WQ.s:2214   .debug_str:0000000000000264 .LASF81
C:\Users\Jesper\AppData\Local\Temp\ccr2M7WQ.s:2180   .debug_str:00000000000001c9 .LASF82
C:\Users\Jesper\AppData\Local\Temp\ccr2M7WQ.s:2272   .debug_str:000000000000037c .LASF83
C:\Users\Jesper\AppData\Local\Temp\ccr2M7WQ.s:2224   .debug_str:000000000000029e .LASF84
C:\Users\Jesper\AppData\Local\Temp\ccr2M7WQ.s:2362   .debug_str:000000000000058c .LASF85
C:\Users\Jesper\AppData\Local\Temp\ccr2M7WQ.s:2164   .debug_str:0000000000000120 .LASF86
C:\Users\Jesper\AppData\Local\Temp\ccr2M7WQ.s:2158   .debug_str:0000000000000105 .LASF87
C:\Users\Jesper\AppData\Local\Temp\ccr2M7WQ.s:2326   .debug_str:000000000000046b .LASF88
C:\Users\Jesper\AppData\Local\Temp\ccr2M7WQ.s:2284   .debug_str:00000000000003ab .LASF89
C:\Users\Jesper\AppData\Local\Temp\ccr2M7WQ.s:2356   .debug_str:0000000000000573 .LASF90
C:\Users\Jesper\AppData\Local\Temp\ccr2M7WQ.s:2220   .debug_str:0000000000000284 .LASF91
C:\Users\Jesper\AppData\Local\Temp\ccr2M7WQ.s:2282   .debug_str:00000000000003a5 .LASF92
C:\Users\Jesper\AppData\Local\Temp\ccr2M7WQ.s:2120   .debug_str:0000000000000019 .LASF93
C:\Users\Jesper\AppData\Local\Temp\ccr2M7WQ.s:2312   .debug_str:0000000000000434 .LASF94
C:\Users\Jesper\AppData\Local\Temp\ccr2M7WQ.s:2332   .debug_str:0000000000000480 .LASF95
C:\Users\Jesper\AppData\Local\Temp\ccr2M7WQ.s:2342   .debug_str:000000000000052a .LASF96
GAS LISTING C:\Users\Jesper\AppData\Local\Temp\ccr2M7WQ.s 			page 5


C:\Users\Jesper\AppData\Local\Temp\ccr2M7WQ.s:2350   .debug_str:0000000000000557 .LASF97
C:\Users\Jesper\AppData\Local\Temp\ccr2M7WQ.s:2336   .debug_str:000000000000048c .LASF98
C:\Users\Jesper\AppData\Local\Temp\ccr2M7WQ.s:2228   .debug_str:00000000000002b3 .LASF99
C:\Users\Jesper\AppData\Local\Temp\ccr2M7WQ.s:2370   .debug_str:00000000000005af .LASF100
C:\Users\Jesper\AppData\Local\Temp\ccr2M7WQ.s:2200   .debug_str:0000000000000224 .LASF101
C:\Users\Jesper\AppData\Local\Temp\ccr2M7WQ.s:2294   .debug_str:00000000000003d8 .LASF102
C:\Users\Jesper\AppData\Local\Temp\ccr2M7WQ.s:2374   .debug_str:00000000000005c5 .LASF103
C:\Users\Jesper\AppData\Local\Temp\ccr2M7WQ.s:2296   .debug_str:00000000000003e3 .LASF104
C:\Users\Jesper\AppData\Local\Temp\ccr2M7WQ.s:2378   .debug_str:00000000000005d1 .LASF105
C:\Users\Jesper\AppData\Local\Temp\ccr2M7WQ.s:2144   .debug_str:00000000000000be .LASF106
C:\Users\Jesper\AppData\Local\Temp\ccr2M7WQ.s:2360   .debug_str:0000000000000582 .LASF107
C:\Users\Jesper\AppData\Local\Temp\ccr2M7WQ.s:2226   .debug_str:00000000000002a7 .LASF108
C:\Users\Jesper\AppData\Local\Temp\ccr2M7WQ.s:2346   .debug_str:0000000000000537 .LASF109
C:\Users\Jesper\AppData\Local\Temp\ccr2M7WQ.s:2186   .debug_str:00000000000001ea .LASF110
C:\Users\Jesper\AppData\Local\Temp\ccr2M7WQ.s:2140   .debug_str:000000000000008b .LASF111
C:\Users\Jesper\AppData\Local\Temp\ccr2M7WQ.s:2184   .debug_str:00000000000001d9 .LASF112
C:\Users\Jesper\AppData\Local\Temp\ccr2M7WQ.s:2128   .debug_str:000000000000003a .LASF113
C:\Users\Jesper\AppData\Local\Temp\ccr2M7WQ.s:2130   .debug_str:0000000000000049 .LASF114
C:\Users\Jesper\AppData\Local\Temp\ccr2M7WQ.s:2274   .debug_str:0000000000000381 .LASF115
C:\Users\Jesper\AppData\Local\Temp\ccr2M7WQ.s:2256   .debug_str:0000000000000328 .LASF116
C:\Users\Jesper\AppData\Local\Temp\ccr2M7WQ.s:2248   .debug_str:0000000000000305 .LASF117
C:\Users\Jesper\AppData\Local\Temp\ccr2M7WQ.s:2366   .debug_str:000000000000059c .LASF118
C:\Users\Jesper\AppData\Local\Temp\ccr2M7WQ.s:2136   .debug_str:000000000000007a .LASF133
C:\Users\Jesper\AppData\Local\Temp\ccr2M7WQ.s:2320   .debug_str:0000000000000450 .LASF119
C:\Users\Jesper\AppData\Local\Temp\ccr2M7WQ.s:2348   .debug_str:0000000000000544 .LASF120
C:\Users\Jesper\AppData\Local\Temp\ccr2M7WQ.s:2176   .debug_str:0000000000000150 .LASF121
C:\Users\Jesper\AppData\Local\Temp\ccr2M7WQ.s:2290   .debug_str:00000000000003c5 .LASF122
C:\Users\Jesper\AppData\Local\Temp\ccr2M7WQ.s:2124   .debug_str:000000000000002c .LASF123
C:\Users\Jesper\AppData\Local\Temp\ccr2M7WQ.s:2234   .debug_str:00000000000002ce .LASF124
C:\Users\Jesper\AppData\Local\Temp\ccr2M7WQ.s:2250   .debug_str:000000000000030e .LASF125
C:\Users\Jesper\AppData\Local\Temp\ccr2M7WQ.s:2254   .debug_str:0000000000000321 .LASF126
C:\Users\Jesper\AppData\Local\Temp\ccr2M7WQ.s:2330   .debug_str:0000000000000479 .LASF127
C:\Users\Jesper\AppData\Local\Temp\ccr2M7WQ.s:2376   .debug_str:00000000000005ca .LASF128
C:\Users\Jesper\AppData\Local\Temp\ccr2M7WQ.s:2242   .debug_str:00000000000002eb .LASF129
C:\Users\Jesper\AppData\Local\Temp\ccr2M7WQ.s:14     .text._read:0000000000000000 .LFB1
C:\Users\Jesper\AppData\Local\Temp\ccr2M7WQ.s:27     .text._read:0000000000000004 .LFE1
C:\Users\Jesper\AppData\Local\Temp\ccr2M7WQ.s:2079   .debug_loc:0000000000000000 .LLST0
C:\Users\Jesper\AppData\Local\Temp\ccr2M7WQ.s:2138   .debug_str:0000000000000085 .LASF134
C:\Users\Jesper\AppData\Local\Temp\ccr2M7WQ.s:18     .text._read:0000000000000000 .LVL0
C:\Users\Jesper\AppData\Local\Temp\ccr2M7WQ.s:24     .text._read:0000000000000002 .LVL1
C:\Users\Jesper\AppData\Local\Temp\ccr2M7WQ.s:39     .debug_info:0000000000000000 .Ldebug_info0

NO UNDEFINED SYMBOLS
